<?xml version="1.0" encoding="UTF-8"?>
<testsuite name="test.java.model.ShoppingCartTest" tests="1" skipped="0" failures="0" errors="0" timestamp="2021-11-02T14:46:06" hostname="2d0f9a76c690" time="0.071">
  <properties/>
  <testcase name="addOneItem()" classname="test.java.model.ShoppingCartTest" time="0.071"/>
  <system-out><![CDATA[]]></system-out>
  <system-err><![CDATA[]]></system-err>
</testsuite>
